<?xml version="1.0" encoding="UTF-8"?>
<!-- Generated by org.testng.reporters.JUnitReportReporter -->
<testsuite hostname="Waseem" failures="0" tests="1" name="com.Cases.AlumniCases" time="30.008" errors="0" timestamp="2024-01-04T19:00:19 IST" skipped="0">
  <testcase classname="com.Cases.AlumniCases" name="AlumniPageConfirmation" time="30.008"/>
</testsuite> <!-- com.Cases.AlumniCases -->
