<?xml version="1.0" encoding="UTF-8"?>
<!-- Generated by org.testng.reporters.JUnitReportReporter -->
<testsuite hostname="Waseem" failures="0" tests="5" name="com.Cases.PaymentCases" time="41.884" errors="0" timestamp="2024-01-04T19:00:19 IST" skipped="0">
  <testcase classname="com.Cases.PaymentCases" name="OnlinePayment" time="3.915"/>
  <testcase classname="com.Cases.PaymentCases" name="OnlinePayment" time="7.490"/>
  <testcase classname="com.Cases.PaymentCases" name="OnlinePayment" time="22.622"/>
  <testcase classname="com.Cases.PaymentCases" name="OnlinePayment" time="4.261"/>
  <testcase classname="com.Cases.PaymentCases" name="OnlinePayment" time="3.596"/>
</testsuite> <!-- com.Cases.PaymentCases -->
