<?xml version="1.0" encoding="UTF-8"?>
<!-- Generated by org.testng.reporters.JUnitReportReporter -->
<testsuite hostname="Waseem" failures="0" tests="21" name="com.Cases.AdmissionCases" time="69.504" errors="0" timestamp="2024-01-04T19:00:19 IST" skipped="0">
  <testcase classname="com.Cases.AdmissionCases" name="studentAdmission" time="1.991"/>
  <testcase classname="com.Cases.AdmissionCases" name="studentAdmission" time="2.691"/>
  <testcase classname="com.Cases.AdmissionCases" name="studentAdmission" time="1.916"/>
  <testcase classname="com.Cases.AdmissionCases" name="studentAdmission" time="1.632"/>
  <testcase classname="com.Cases.AdmissionCases" name="studentAdmission" time="1.843"/>
  <testcase classname="com.Cases.AdmissionCases" name="studentAdmission" time="2.100"/>
  <testcase classname="com.Cases.AdmissionCases" name="studentAdmission" time="1.813"/>
  <testcase classname="com.Cases.AdmissionCases" name="studentAdmission" time="1.950"/>
  <testcase classname="com.Cases.AdmissionCases" name="studentAdmission" time="1.868"/>
  <testcase classname="com.Cases.AdmissionCases" name="studentAdmission" time="1.995"/>
  <testcase classname="com.Cases.AdmissionCases" name="studentAdmission" time="2.622"/>
  <testcase classname="com.Cases.AdmissionCases" name="studentAdmission" time="2.953"/>
  <testcase classname="com.Cases.AdmissionCases" name="studentAdmission" time="2.088"/>
  <testcase classname="com.Cases.AdmissionCases" name="studentAdmission" time="1.791"/>
  <testcase classname="com.Cases.AdmissionCases" name="studentAdmission" time="2.474"/>
  <testcase classname="com.Cases.AdmissionCases" name="studentAdmission" time="1.714"/>
  <testcase classname="com.Cases.AdmissionCases" name="studentAdmission" time="2.435"/>
  <testcase classname="com.Cases.AdmissionCases" name="studentAdmission" time="26.502"/>
  <testcase classname="com.Cases.AdmissionCases" name="studentAdmission" time="2.545"/>
  <testcase classname="com.Cases.AdmissionCases" name="studentAdmission" time="2.658"/>
  <testcase classname="com.Cases.AdmissionCases" name="studentAdmission" time="1.923"/>
</testsuite> <!-- com.Cases.AdmissionCases -->
