<?xml version="1.0" encoding="UTF-8"?>
<!-- Generated by org.testng.reporters.JUnitReportReporter -->
<testsuite hostname="Waseem" failures="0" tests="5" name="com.Cases.SignInCases" time="45.429" errors="0" timestamp="2024-01-04T19:00:19 IST" skipped="0">
  <testcase classname="com.Cases.SignInCases" name="staffSignin" time="41.031"/>
  <testcase classname="com.Cases.SignInCases" name="staffSignin" time="0.985"/>
  <testcase classname="com.Cases.SignInCases" name="staffSignin" time="1.304"/>
  <testcase classname="com.Cases.SignInCases" name="staffSignin" time="1.029"/>
  <testcase classname="com.Cases.SignInCases" name="staffSignin" time="1.080"/>
</testsuite> <!-- com.Cases.SignInCases -->
